[38;5;0m[HTTP][0m [37m-->[39m [37mPOST[39m [37m/session[39m
[38;5;0m[HTTP][0m [90m{"capabilities":{"alwaysMatch":{"platformName":"Android","appium:platformVersion":"13","appium:deviceName":"HONOR","appium:automationName":"UiAutomator2","appium:app":"C:\\Dummy\\ApiDemos-debug.apk"},"firstMatch":[{}]},"desiredCapabilities":{"platformName":"Android","appium:platformVersion":"13","appium:deviceName":"HONOR","appium:automationName":"UiAutomator2","appium:app":"C:\\Dummy\\ApiDemos-debug.apk"}}[39m
[debug] [38;5;16m[AppiumDriver@5d29][0m Calling AppiumDriver.createSession() with args: [{"platformName":"Android","appium:platformVersion":"13","appium:deviceName":"HONOR","appium:automationName":"UiAutomator2","appium:app":"C:\\Dummy\\ApiDemos-debug.apk"},null,{"alwaysMatch":{"platformName":"Android","appium:platformVersion":"13","appium:deviceName":"HONOR","appium:automationName":"UiAutomator2","appium:app":"C:\\Dummy\\ApiDemos-debug.apk"},"firstMatch":[{}]}]
[debug] [38;5;16m[AppiumDriver@5d29][0m Event 'newSessionRequested' logged at 1702998674159 (15:11:14 GMT+0000 (Greenwich Mean Time))
[35m[Appium][39m Attempting to find matching driver for automationName 'UiAutomator2' and platformName 'Android'
[35m[Appium][39m The 'uiautomator2' driver was installed and matched caps.
[35m[Appium][39m Will require it at C:/WDIO/WDIO/AppiumAllureReport/node_modules/appium-uiautomator2-driver
[debug] [35m[Appium][39m Requiring driver at C:/WDIO/WDIO/AppiumAllureReport/node_modules/appium-uiautomator2-driver
[38;5;16m[AppiumDriver@5d29][0m Appium v2.0.0-beta.55 creating new AndroidUiautomator2Driver (v2.12.3) session
[38;5;16m[AppiumDriver@5d29][0m Checking BaseDriver versions for Appium and AndroidUiautomator2Driver
[38;5;16m[AppiumDriver@5d29][0m Appium's BaseDriver version is 9.3.1
[38;5;16m[AppiumDriver@5d29][0m AndroidUiautomator2Driver's BaseDriver version is 9.3.1
[debug] [38;5;32m[AndroidUiautomator2Driver@ab49][0m Creating session with W3C capabilities: {
[debug] [38;5;32m[AndroidUiautomator2Driver@ab49][0m   "alwaysMatch": {
[debug] [38;5;32m[AndroidUiautomator2Driver@ab49][0m     "platformName": "Android",
[debug] [38;5;32m[AndroidUiautomator2Driver@ab49][0m     "appium:platformVersion": "13",
[debug] [38;5;32m[AndroidUiautomator2Driver@ab49][0m     "appium:deviceName": "HONOR",
[debug] [38;5;32m[AndroidUiautomator2Driver@ab49][0m     "appium:automationName": "UiAutomator2",
[debug] [38;5;32m[AndroidUiautomator2Driver@ab49][0m     "appium:app": "C:\\Dummy\\ApiDemos-debug.apk"
[debug] [38;5;32m[AndroidUiautomator2Driver@ab49][0m   },
[debug] [38;5;32m[AndroidUiautomator2Driver@ab49][0m   "firstMatch": [
[debug] [38;5;32m[AndroidUiautomator2Driver@ab49][0m     {}
[debug] [38;5;32m[AndroidUiautomator2Driver@ab49][0m   ]
[debug] [38;5;32m[AndroidUiautomator2Driver@ab49][0m }
[38;5;32m[AndroidUiautomator2Driver@ab49 (099977bc)][0m Session created with session id: 099977bc-0e08-42e7-92cc-37362e7d39fb
[38;5;48m[BaseDriver][0m Using local app 'C:\Dummy\ApiDemos-debug.apk'
[debug] [38;5;32m[AndroidUiautomator2Driver@ab49 (099977bc)][0m Checking whether app is actually present
[38;5;64m[ADB][0m Found 45 'build-tools' folders under 'C:\Users\lenovo\AppData\Local\Android\Sdk' (newest first):
[38;5;64m[ADB][0m     C:/Users/lenovo/AppData/Local/Android/Sdk/build-tools/34.0.0
[38;5;64m[ADB][0m     C:/Users/lenovo/AppData/Local/Android/Sdk/build-tools/34.0.0-rc3
[38;5;64m[ADB][0m     C:/Users/lenovo/AppData/Local/Android/Sdk/build-tools/34.0.0-rc2
[38;5;64m[ADB][0m     C:/Users/lenovo/AppData/Local/Android/Sdk/build-tools/34.0.0-rc1
[38;5;64m[ADB][0m     C:/Users/lenovo/AppData/Local/Android/Sdk/build-tools/33.0.2
[38;5;64m[ADB][0m     C:/Users/lenovo/AppData/Local/Android/Sdk/build-tools/33.0.1
[38;5;64m[ADB][0m     C:/Users/lenovo/AppData/Local/Android/Sdk/build-tools/33.0.0
[38;5;64m[ADB][0m     C:/Users/lenovo/AppData/Local/Android/Sdk/build-tools/32.1.0-rc1
[38;5;64m[ADB][0m     C:/Users/lenovo/AppData/Local/Android/Sdk/build-tools/32.0.0
[38;5;64m[ADB][0m     C:/Users/lenovo/AppData/Local/Android/Sdk/build-tools/31.0.0
[38;5;64m[ADB][0m     C:/Users/lenovo/AppData/Local/Android/Sdk/build-tools/30.0.3
[38;5;64m[ADB][0m     C:/Users/lenovo/AppData/Local/Android/Sdk/build-tools/30.0.2
[38;5;64m[ADB][0m     C:/Users/lenovo/AppData/Local/Android/Sdk/build-tools/30.0.1
[38;5;64m[ADB][0m     C:/Users/lenovo/AppData/Local/Android/Sdk/build-tools/30.0.0
[38;5;64m[ADB][0m     C:/Users/lenovo/AppData/Local/Android/Sdk/build-tools/29.0.3
[38;5;64m[ADB][0m     C:/Users/lenovo/AppData/Local/Android/Sdk/build-tools/29.0.2
[38;5;64m[ADB][0m     C:/Users/lenovo/AppData/Local/Android/Sdk/build-tools/29.0.1
[38;5;64m[ADB][0m     C:/Users/lenovo/AppData/Local/Android/Sdk/build-tools/29.0.0
[38;5;64m[ADB][0m     C:/Users/lenovo/AppData/Local/Android/Sdk/build-tools/28.0.3
[38;5;64m[ADB][0m     C:/Users/lenovo/AppData/Local/Android/Sdk/build-tools/28.0.2
[38;5;64m[ADB][0m     C:/Users/lenovo/AppData/Local/Android/Sdk/build-tools/28.0.1
[38;5;64m[ADB][0m     C:/Users/lenovo/AppData/Local/Android/Sdk/build-tools/28.0.0
[38;5;64m[ADB][0m     C:/Users/lenovo/AppData/Local/Android/Sdk/build-tools/27.0.3
[38;5;64m[ADB][0m     C:/Users/lenovo/AppData/Local/Android/Sdk/build-tools/27.0.2
[38;5;64m[ADB][0m     C:/Users/lenovo/AppData/Local/Android/Sdk/build-tools/27.0.1
[38;5;64m[ADB][0m     C:/Users/lenovo/AppData/Local/Android/Sdk/build-tools/27.0.0
[38;5;64m[ADB][0m     C:/Users/lenovo/AppData/Local/Android/Sdk/build-tools/26.0.3
[38;5;64m[ADB][0m     C:/Users/lenovo/AppData/Local/Android/Sdk/build-tools/26.0.2
[38;5;64m[ADB][0m     C:/Users/lenovo/AppData/Local/Android/Sdk/build-tools/26.0.1
[38;5;64m[ADB][0m     C:/Users/lenovo/AppData/Local/Android/Sdk/build-tools/26.0.0
[38;5;64m[ADB][0m     C:/Users/lenovo/AppData/Local/Android/Sdk/build-tools/25.0.3
[38;5;64m[ADB][0m     C:/Users/lenovo/AppData/Local/Android/Sdk/build-tools/25.0.2
[38;5;64m[ADB][0m     C:/Users/lenovo/AppData/Local/Android/Sdk/build-tools/25.0.1
[38;5;64m[ADB][0m     C:/Users/lenovo/AppData/Local/Android/Sdk/build-tools/25.0.0
[38;5;64m[ADB][0m     C:/Users/lenovo/AppData/Local/Android/Sdk/build-tools/24.0.3
[38;5;64m[ADB][0m     C:/Users/lenovo/AppData/Local/Android/Sdk/build-tools/24.0.2
[38;5;64m[ADB][0m     C:/Users/lenovo/AppData/Local/Android/Sdk/build-tools/24.0.1
[38;5;64m[ADB][0m     C:/Users/lenovo/AppData/Local/Android/Sdk/build-tools/24.0.0
[38;5;64m[ADB][0m     C:/Users/lenovo/AppData/Local/Android/Sdk/build-tools/23.0.3
[38;5;64m[ADB][0m     C:/Users/lenovo/AppData/Local/Android/Sdk/build-tools/23.0.2
[38;5;64m[ADB][0m     C:/Users/lenovo/AppData/Local/Android/Sdk/build-tools/23.0.1
[38;5;64m[ADB][0m     C:/Users/lenovo/AppData/Local/Android/Sdk/build-tools/22.0.1
[38;5;64m[ADB][0m     C:/Users/lenovo/AppData/Local/Android/Sdk/build-tools/21.1.2
[38;5;64m[ADB][0m     C:/Users/lenovo/AppData/Local/Android/Sdk/build-tools/20.0.0
[38;5;64m[ADB][0m     C:/Users/lenovo/AppData/Local/Android/Sdk/build-tools/19.1.0
[38;5;64m[ADB][0m Using 'adb.exe' from 'C:\Users\lenovo\AppData\Local\Android\Sdk\platform-tools\adb.exe'
[debug] [38;5;64m[ADB][0m Running 'C:\Users\lenovo\AppData\Local\Android\Sdk\platform-tools\adb.exe -P 5037 start-server'
[38;5;80m[AndroidDriver][0m Retrieving device list
[debug] [38;5;64m[ADB][0m Trying to find a connected android device
[debug] [38;5;64m[ADB][0m Getting connected devices
[debug] [38;5;64m[ADB][0m Connected devices: [{"udid":"A47EUT2901000624","state":"device"}]
[38;5;80m[AndroidDriver][0m Looking for a device with Android '13.0.0'
[debug] [38;5;64m[ADB][0m Setting device id to A47EUT2901000624
[38;5;64m[ADB][0m Getting device platform version
[debug] [38;5;64m[ADB][0m Running 'C:\Users\lenovo\AppData\Local\Android\Sdk\platform-tools\adb.exe -P 5037 -s A47EUT2901000624 shell getprop ro.build.version.release'
[debug] [38;5;64m[ADB][0m Current device property 'ro.build.version.release': 13
[38;5;80m[AndroidDriver][0m Using device: A47EUT2901000624
[38;5;64m[ADB][0m Using 'adb.exe' from 'C:\Users\lenovo\AppData\Local\Android\Sdk\platform-tools\adb.exe'
[debug] [38;5;64m[ADB][0m Running 'C:\Users\lenovo\AppData\Local\Android\Sdk\platform-tools\adb.exe -P 5037 start-server'
[debug] [38;5;64m[ADB][0m Setting device id to A47EUT2901000624
[debug] [38;5;64m[ADB][0m Running 'C:\Users\lenovo\AppData\Local\Android\Sdk\platform-tools\adb.exe -P 5037 -s A47EUT2901000624 shell getprop ro.build.version.sdk'
[debug] [38;5;64m[ADB][0m Current device property 'ro.build.version.sdk': 33
[38;5;64m[ADB][0m Getting device platform version
[debug] [38;5;64m[ADB][0m Running 'C:\Users\lenovo\AppData\Local\Android\Sdk\platform-tools\adb.exe -P 5037 -s A47EUT2901000624 shell getprop ro.build.version.release'
[debug] [38;5;64m[ADB][0m Current device property 'ro.build.version.release': 13
[debug] [38;5;64m[ADB][0m Device API level: 33
[38;5;32m[AndroidUiautomator2Driver@ab49 (099977bc)][0m Relaxing hidden api policy
[debug] [38;5;64m[ADB][0m Running 'C:\Users\lenovo\AppData\Local\Android\Sdk\platform-tools\adb.exe -P 5037 -s A47EUT2901000624 shell 'settings put global hidden_api_policy_pre_p_apps 1;settings put global hidden_api_policy_p_apps 1;settings put global hidden_api_policy 1''
[debug] [38;5;80m[AndroidDriver][0m Parsing package and activity from app manifest
[38;5;64m[ADB][0m Package name: 'io.appium.android.apis'
[38;5;64m[ADB][0m Main activity name: 'io.appium.android.apis.ApiDemos'
[debug] [38;5;80m[AndroidDriver][0m Parsed package and activity are: io.appium.android.apis/io.appium.android.apis.ApiDemos
[debug] [38;5;64m[ADB][0m Running 'C:\Users\lenovo\AppData\Local\Android\Sdk\platform-tools\adb.exe -P 5037 -s A47EUT2901000624 wait-for-device'
[debug] [38;5;64m[ADB][0m Running 'C:\Users\lenovo\AppData\Local\Android\Sdk\platform-tools\adb.exe -P 5037 -s A47EUT2901000624 shell echo ping'
[debug] [38;5;80m[AndroidDriver][0m Pushing settings apk to device...
[debug] [38;5;64m[ADB][0m Getting install status for io.appium.settings
[debug] [38;5;64m[ADB][0m Running 'C:\Users\lenovo\AppData\Local\Android\Sdk\platform-tools\adb.exe -P 5037 -s A47EUT2901000624 shell dumpsys package io.appium.settings'
[debug] [38;5;64m[ADB][0m 'io.appium.settings' is installed
[debug] [38;5;64m[ADB][0m Getting package info for 'io.appium.settings'
[debug] [38;5;64m[ADB][0m Running 'C:\Users\lenovo\AppData\Local\Android\Sdk\platform-tools\adb.exe -P 5037 -s A47EUT2901000624 shell dumpsys package io.appium.settings'
[debug] [38;5;64m[ADB][0m The version code of the installed 'io.appium.settings' is greater than the application version code (62 > 55)
[debug] [38;5;64m[ADB][0m There is no need to downgrade 'io.appium.settings'
[debug] [38;5;64m[ADB][0m Getting IDs of all 'io.appium.settings' processes
[debug] [38;5;64m[ADB][0m Running 'C:\Users\lenovo\AppData\Local\Android\Sdk\platform-tools\adb.exe -P 5037 -s A47EUT2901000624 shell 'pgrep --help; echo $?''
[debug] [38;5;64m[ADB][0m Running 'C:\Users\lenovo\AppData\Local\Android\Sdk\platform-tools\adb.exe -P 5037 -s A47EUT2901000624 shell pgrep -f \(\[\[:blank:\]\]\|\^\)io\.appium\.settings\(\[\[:blank:\]\]\|\$\)'
[debug] [38;5;80m[AndroidDriver][0m io.appium.settings is already running. There is no need to reset its permissions.
[debug] [38;5;64m[ADB][0m Running 'C:\Users\lenovo\AppData\Local\Android\Sdk\platform-tools\adb.exe -P 5037 -s A47EUT2901000624 shell appops set io.appium.settings android:mock_location allow'
[debug] [38;5;64m[ADB][0m Running 'C:\Users\lenovo\AppData\Local\Android\Sdk\platform-tools\adb.exe -P 5037 -s A47EUT2901000624 shell "[ -e '/data/local/tmp/mock_apps.json' ] && echo __PASS__"'
[debug] [38;5;64m[ADB][0m Running 'C:\Users\lenovo\AppData\Local\Android\Sdk\platform-tools\adb.exe -P 5037 -s A47EUT2901000624 shell cat /data/local/tmp/mock_apps.json'
[debug] [38;5;96m[Logcat][0m Starting logs capture with command: C:\\Users\\lenovo\\AppData\\Local\\Android\\Sdk\\platform-tools\\adb.exe -P 5037 -s A47EUT2901000624 logcat -v threadtime
[debug] [38;5;32m[AndroidUiautomator2Driver@ab49 (099977bc)][0m Forwarding UiAutomator2 Server port 6790 to local port 8200
[debug] [38;5;64m[ADB][0m Forwarding system: 8200 to device: 6790
[debug] [38;5;64m[ADB][0m Running 'C:\Users\lenovo\AppData\Local\Android\Sdk\platform-tools\adb.exe -P 5037 -s A47EUT2901000624 forward tcp:8200 tcp:6790'
[debug] [38;5;64m[ADB][0m Getting install status for io.appium.uiautomator2.server
[debug] [38;5;64m[ADB][0m Running 'C:\Users\lenovo\AppData\Local\Android\Sdk\platform-tools\adb.exe -P 5037 -s A47EUT2901000624 shell dumpsys package io.appium.uiautomator2.server'
[debug] [38;5;64m[ADB][0m 'io.appium.uiautomator2.server' is installed
[debug] [38;5;64m[ADB][0m Getting package info for 'io.appium.uiautomator2.server'
[debug] [38;5;64m[ADB][0m Running 'C:\Users\lenovo\AppData\Local\Android\Sdk\platform-tools\adb.exe -P 5037 -s A47EUT2901000624 shell dumpsys package io.appium.uiautomator2.server'
[debug] [38;5;64m[ADB][0m The version name of the installed 'io.appium.uiautomator2.server' is greater or equal to the application version name ('5.7.7' >= '5.7.7')
[debug] [38;5;32m[AndroidUiautomator2Driver@ab49 (099977bc)][0m io.appium.uiautomator2.server installation state: sameVersionInstalled
[debug] [38;5;64m[ADB][0m Checking app cert for C:\WDIO\WDIO\AppiumAllureReport\node_modules\appium-uiautomator2-driver\node_modules\appium-uiautomator2-server\apks\appium-uiautomator2-server-v5.7.7.apk
[38;5;64m[ADB][0m Using 'apksigner.jar' from 'C:\Users\lenovo\AppData\Local\Android\Sdk\build-tools\34.0.0\lib\apksigner.jar'
[debug] [38;5;64m[ADB][0m Starting apksigner: 'C:\\Program Files\\Common Files\\Oracle\\Java\\javapath\\java.exe' -Xmx1024M -Xss1m -jar C:\\Users\\lenovo\\AppData\\Local\\Android\\Sdk\\build-tools\\34.0.0\\lib\\apksigner.jar verify --print-certs C:\\WDIO\\WDIO\\AppiumAllureReport\\node_modules\\appium-uiautomator2-driver\\node_modules\\appium-uiautomator2-server\\apks\\appium-uiautomator2-server-v5.7.7.apk
[debug] [38;5;64m[ADB][0m apksigner stdout: Signer #1 certificate DN: EMAILADDRESS=android@android.com, CN=Android, OU=Android, O=Android, L=Mountain View, ST=California, C=US
[debug] [38;5;64m[ADB][0m Signer #1 certificate SHA-256 digest: a40da80a59d170caa950cf15c18c454d47a39b26989d8b640ecd745ba71bf5dc
[debug] [38;5;64m[ADB][0m Signer #1 certificate SHA-1 digest: 61ed377e85d386a8dfee6b864bd85b0bfaa5af81
[debug] [38;5;64m[ADB][0m Signer #1 certificate MD5 digest: e89b158e4bcf988ebd09eb83f5378e87
[debug] [38;5;64m[ADB][0m 
[debug] [38;5;64m[ADB][0m sha256 hash did match for 'appium-uiautomator2-server-v5.7.7.apk'
[38;5;64m[ADB][0m 'C:\WDIO\WDIO\AppiumAllureReport\node_modules\appium-uiautomator2-driver\node_modules\appium-uiautomator2-server\apks\appium-uiautomator2-server-v5.7.7.apk' is signed with the default certificate
[debug] [38;5;64m[ADB][0m Getting install status for io.appium.uiautomator2.server.test
[debug] [38;5;64m[ADB][0m Running 'C:\Users\lenovo\AppData\Local\Android\Sdk\platform-tools\adb.exe -P 5037 -s A47EUT2901000624 shell dumpsys package io.appium.uiautomator2.server.test'
[debug] [38;5;64m[ADB][0m 'io.appium.uiautomator2.server.test' is installed
[debug] [38;5;64m[ADB][0m Checking app cert for C:\WDIO\WDIO\AppiumAllureReport\node_modules\appium-uiautomator2-driver\node_modules\appium-uiautomator2-server\apks\appium-uiautomator2-server-debug-androidTest.apk
[debug] [38;5;64m[ADB][0m Starting apksigner: 'C:\\Program Files\\Common Files\\Oracle\\Java\\javapath\\java.exe' -Xmx1024M -Xss1m -jar C:\\Users\\lenovo\\AppData\\Local\\Android\\Sdk\\build-tools\\34.0.0\\lib\\apksigner.jar verify --print-certs C:\\WDIO\\WDIO\\AppiumAllureReport\\node_modules\\appium-uiautomator2-driver\\node_modules\\appium-uiautomator2-server\\apks\\appium-uiautomator2-server-debug-androidTest.apk
[debug] [38;5;64m[ADB][0m apksigner stdout: Signer #1 certificate DN: EMAILADDRESS=android@android.com, CN=Android, OU=Android, O=Android, L=Mountain View, ST=California, C=US
[debug] [38;5;64m[ADB][0m Signer #1 certificate SHA-256 digest: a40da80a59d170caa950cf15c18c454d47a39b26989d8b640ecd745ba71bf5dc
[debug] [38;5;64m[ADB][0m Signer #1 certificate SHA-1 digest: 61ed377e85d386a8dfee6b864bd85b0bfaa5af81
[debug] [38;5;64m[ADB][0m Signer #1 certificate MD5 digest: e89b158e4bcf988ebd09eb83f5378e87
[debug] [38;5;64m[ADB][0m 
[debug] [38;5;64m[ADB][0m sha256 hash did match for 'appium-uiautomator2-server-debug-androidTest.apk'
[38;5;64m[ADB][0m 'C:\WDIO\WDIO\AppiumAllureReport\node_modules\appium-uiautomator2-driver\node_modules\appium-uiautomator2-server\apks\appium-uiautomator2-server-debug-androidTest.apk' is signed with the default certificate
[38;5;32m[AndroidUiautomator2Driver@ab49 (099977bc)][0m Server packages are not going to be (re)installed
[debug] [38;5;32m[AndroidUiautomator2Driver@ab49 (099977bc)][0m Waiting up to 30000ms for services to be available
[debug] [38;5;64m[ADB][0m Running 'C:\Users\lenovo\AppData\Local\Android\Sdk\platform-tools\adb.exe -P 5037 -s A47EUT2901000624 shell pm list instrumentation'
[debug] [38;5;32m[AndroidUiautomator2Driver@ab49 (099977bc)][0m Instrumentation target 'io.appium.uiautomator2.server.test/androidx.test.runner.AndroidJUnitRunner' is available
[38;5;64m[ADB][0m Adding packages ["io.appium.settings","io.appium.uiautomator2.server","io.appium.uiautomator2.server.test"] to Doze whitelist
[debug] [38;5;64m[ADB][0m Got the following command chunks to execute: [["dumpsys","deviceidle","whitelist","+io.appium.settings",";","dumpsys","deviceidle","whitelist","+io.appium.uiautomator2.server",";","dumpsys","deviceidle","whitelist","+io.appium.uiautomator2.server.test",";"]]
[debug] [38;5;64m[ADB][0m Running 'C:\Users\lenovo\AppData\Local\Android\Sdk\platform-tools\adb.exe -P 5037 -s A47EUT2901000624 shell dumpsys deviceidle whitelist +io.appium.settings ; dumpsys deviceidle whitelist +io.appium.uiautomator2.server ; dumpsys deviceidle whitelist +io.appium.uiautomator2.server.test ;'
[debug] [38;5;64m[ADB][0m Checking app cert for C:\Dummy\ApiDemos-debug.apk
[debug] [38;5;64m[ADB][0m Starting apksigner: 'C:\\Program Files\\Common Files\\Oracle\\Java\\javapath\\java.exe' -Xmx1024M -Xss1m -jar C:\\Users\\lenovo\\AppData\\Local\\Android\\Sdk\\build-tools\\34.0.0\\lib\\apksigner.jar verify --print-certs C:\\Dummy\\ApiDemos-debug.apk
[debug] [38;5;64m[ADB][0m apksigner stdout: Signer #1 certificate DN: C=US, O=Android, CN=Android Debug
[debug] [38;5;64m[ADB][0m Signer #1 certificate SHA-256 digest: ff2c1b0d041edb6e32a5f7c190ca9c3e78c4ca2cddbbb76133fc30c40b291e30
[debug] [38;5;64m[ADB][0m Signer #1 certificate SHA-1 digest: b3de7d52e6aa703f166c4ee6e921c2816278c393
[debug] [38;5;64m[ADB][0m Signer #1 certificate MD5 digest: 7dce13e4e43fbe159a70f7a252cb0acf
[debug] [38;5;64m[ADB][0m 
[38;5;64m[ADB][0m 'C:\Dummy\ApiDemos-debug.apk' is signed with a non-default certificate
[debug] [38;5;64m[ADB][0m Getting install status for io.appium.android.apis
[debug] [38;5;64m[ADB][0m Running 'C:\Users\lenovo\AppData\Local\Android\Sdk\platform-tools\adb.exe -P 5037 -s A47EUT2901000624 shell dumpsys package io.appium.android.apis'
[debug] [38;5;64m[ADB][0m 'io.appium.android.apis' is installed
[debug] [38;5;64m[ADB][0m Getting package info for 'io.appium.android.apis'
[debug] [38;5;64m[ADB][0m Running 'C:\Users\lenovo\AppData\Local\Android\Sdk\platform-tools\adb.exe -P 5037 -s A47EUT2901000624 shell dumpsys package io.appium.android.apis'
[debug] [38;5;64m[ADB][0m The version name of the installed 'io.appium.android.apis' is greater or equal to the application version name ('3.3.1' >= '3.3.1')
[debug] [38;5;64m[ADB][0m There is no need to install/upgrade 'C:\Dummy\ApiDemos-debug.apk'
[38;5;80m[AndroidDriver][0m Performing fast reset on 'io.appium.android.apis'
[debug] [38;5;64m[ADB][0m Getting install status for io.appium.android.apis
[debug] [38;5;64m[ADB][0m Running 'C:\Users\lenovo\AppData\Local\Android\Sdk\platform-tools\adb.exe -P 5037 -s A47EUT2901000624 shell dumpsys package io.appium.android.apis'
[debug] [38;5;64m[ADB][0m 'io.appium.android.apis' is installed
[debug] [38;5;64m[ADB][0m Running 'C:\Users\lenovo\AppData\Local\Android\Sdk\platform-tools\adb.exe -P 5037 -s A47EUT2901000624 shell am force-stop io.appium.android.apis'
[debug] [38;5;64m[ADB][0m Running 'C:\Users\lenovo\AppData\Local\Android\Sdk\platform-tools\adb.exe -P 5037 -s A47EUT2901000624 shell pm clear io.appium.android.apis'
[debug] [38;5;80m[AndroidDriver][0m Performed fast reset on the installed 'io.appium.android.apis' application (stop and clear)
[debug] [38;5;32m[AndroidUiautomator2Driver@ab49 (099977bc)][0m Performing shallow cleanup of automation leftovers
[debug] [38;5;32m[AndroidUiautomator2Driver@ab49 (099977bc)][0m No obsolete sessions have been detected (socket hang up)
[debug] [38;5;64m[ADB][0m Running 'C:\Users\lenovo\AppData\Local\Android\Sdk\platform-tools\adb.exe -P 5037 -s A47EUT2901000624 shell am force-stop io.appium.uiautomator2.server.test'
[38;5;32m[AndroidUiautomator2Driver@ab49 (099977bc)][0m Starting UIAutomator2 server 5.7.7
[38;5;32m[AndroidUiautomator2Driver@ab49 (099977bc)][0m Using UIAutomator2 server from 'C:\WDIO\WDIO\AppiumAllureReport\node_modules\appium-uiautomator2-driver\node_modules\appium-uiautomator2-server\apks\appium-uiautomator2-server-v5.7.7.apk' and test from 'C:\WDIO\WDIO\AppiumAllureReport\node_modules\appium-uiautomator2-driver\node_modules\appium-uiautomator2-server\apks\appium-uiautomator2-server-debug-androidTest.apk'
[38;5;32m[AndroidUiautomator2Driver@ab49 (099977bc)][0m Waiting up to 30000ms for UiAutomator2 to be online...
[debug] [38;5;64m[ADB][0m Creating ADB subprocess with args: ["-P",5037,"-s","A47EUT2901000624","shell","am","instrument","-w","-e","disableAnalytics",true,"io.appium.uiautomator2.server.test/androidx.test.runner.AndroidJUnitRunner"]
[debug] [38;5;32m[AndroidUiautomator2Driver@ab49 (099977bc)][0m Matched '/status' to command name 'getStatus'
[debug] [38;5;32m[AndroidUiautomator2Driver@ab49 (099977bc)][0m Proxying [GET /status] to [GET http://127.0.0.1:8200/status] with no body
[38;5;32m[AndroidUiautomator2Driver@ab49 (099977bc)][0m socket hang up
[debug] [38;5;32m[AndroidUiautomator2Driver@ab49 (099977bc)][0m Matched '/status' to command name 'getStatus'
[debug] [38;5;32m[AndroidUiautomator2Driver@ab49 (099977bc)][0m Proxying [GET /status] to [GET http://127.0.0.1:8200/status] with no body
[38;5;32m[AndroidUiautomator2Driver@ab49 (099977bc)][0m socket hang up
[debug] [38;5;112m[Instrumentation][0m io.appium.uiautomator2.server.test.AppiumUiAutomator2Server:
[debug] [38;5;32m[AndroidUiautomator2Driver@ab49 (099977bc)][0m Matched '/status' to command name 'getStatus'
[debug] [38;5;32m[AndroidUiautomator2Driver@ab49 (099977bc)][0m Proxying [GET /status] to [GET http://127.0.0.1:8200/status] with no body
[38;5;32m[AndroidUiautomator2Driver@ab49 (099977bc)][0m socket hang up
[debug] [38;5;32m[AndroidUiautomator2Driver@ab49 (099977bc)][0m Matched '/status' to command name 'getStatus'
[debug] [38;5;32m[AndroidUiautomator2Driver@ab49 (099977bc)][0m Proxying [GET /status] to [GET http://127.0.0.1:8200/status] with no body
[debug] [38;5;32m[AndroidUiautomator2Driver@ab49 (099977bc)][0m Got response with status 200: {"sessionId":"None","value":{"message":"UiAutomator2 Server is ready to accept commands","ready":true}}
[debug] [38;5;32m[AndroidUiautomator2Driver@ab49 (099977bc)][0m The initialization of the instrumentation process took 3192ms
[debug] [38;5;32m[AndroidUiautomator2Driver@ab49 (099977bc)][0m Matched '/session' to command name 'createSession'
[debug] [38;5;32m[AndroidUiautomator2Driver@ab49 (099977bc)][0m Proxying [POST /session] to [POST http://127.0.0.1:8200/session] with body: {"capabilities":{"firstMatch":[{"platform":"LINUX","webStorageEnabled":false,"takesScreenshot":true,"javascriptEnabled":true,"databaseEnabled":false,"networkConnectionEnabled":true,"locationContextEnabled":false,"warnings":{},"desired":{"platformName":"Android","platformVersion":"13","deviceName":"HONOR","automationName":"UiAutomator2","app":"C:\\Dummy\\ApiDemos-debug.apk"},"platformName":"Android","platformVersion":"13","deviceName":"A47EUT2901000624","automationName":"UiAutomator2","app":"C:\\Dummy\\ApiDemos-debug.apk","deviceUDID":"A47EUT2901000624","appPackage":"io.appium.android.apis"}],"alwaysMatch":{}}}
[debug] [38;5;32m[AndroidUiautomator2Driver@ab49 (099977bc)][0m Got response with status 200: {"sessionId":"b79149be-4e07-42a6-9634-5e976cd28992","value":{"capabilities":{"firstMatch":[{"platform":"LINUX","webStorageEnabled":false,"takesScreenshot":true,"javascriptEnabled":true,"databaseEnabled":false,"networkConnectionEnabled":true,"locationContextEnabled":false,"warnings":{},"desired":{"platformName":"Android","platformVersion":"13","deviceName":"HONOR","automationName":"UiAutomator2","app":"C:\\Dummy\\ApiDemos-debug.apk"},"platformName":"Android","platformVersion":"13","deviceName":"A47EUT2901000624","automationName":"UiAutomator2","app":"C:\\Dummy\\ApiDemos-debug.apk","deviceUDID":"A47EUT2901000624","appPackage":"io.appium.android.apis"}],"alwaysMatch":{}},"sessionId":"b79149be-4e07-42a6-9634-5e976cd28992"}}
[38;5;32m[AndroidUiautomator2Driver@ab49 (099977bc)][0m Determined the downstream protocol as 'W3C'
[debug] [38;5;32m[AndroidUiautomator2Driver@ab49 (099977bc)][0m Proxying [GET /appium/device/info] to [GET http://127.0.0.1:8200/session/b79149be-4e07-42a6-9634-5e976cd28992/appium/device/info] with no body
[debug] [38;5;32m[AndroidUiautomator2Driver@ab49 (099977bc)][0m Got response with status 200: {"sessionId":"b79149be-4e07-42a6-9634-5e976cd28992","value":{"androidId":"f87bb483cd54ee06","apiVersion":"33","bluetooth":{"state":"OFF"},"brand":"HONOR","carrierName":"","displayDensity":480,"locale":"en_GB","manufacturer":"HONOR","model":"ANY-NX1","networks":[{"capabilities":{"SSID":null,"linkDownBandwidthKbps":51754,"linkUpstreamBandwidthKbps":3713,"networkCapabilities":"NET_CAPABILITY_NOT_METERED,NET_CAPABILITY_INTERNET,NET_CAPABILITY_NOT_RESTRICTED,NET_CAPABILITY_TRUSTED,NET_CAPABILITY_NOT_VPN,NET_CAPABILITY_VALIDATED,NET_CAPABILITY_NOT_ROAMING,NET_CAPABILITY_FOREGROUND,NET_CAPABILITY_NOT_CONGESTED,NET_CAPABILITY_NOT_SUSPENDED","signalStrength":-73,"transportTypes":"TRANSPORT_WIFI"},"detailedState":"CONNECTED","extraInfo":"","isAvailable":true,"isConnected":true,"isFailover":false,"isRoaming":false,"state":"CONNECTED","subtype":-1,"subtypeName":"","type":1,"typeName":"WIFI"}],"platformVersion":"13","realDisplaySize":"1080x2388","timeZone":"Europe/London"}}
[debug] [38;5;64m[ADB][0m Running 'C:\Users\lenovo\AppData\Local\Android\Sdk\platform-tools\adb.exe -P 5037 -s A47EUT2901000624 shell dumpsys window'
[38;5;80m[AndroidDriver][0m Screen already unlocked, doing nothing
[38;5;32m[AndroidUiautomator2Driver@ab49 (099977bc)][0m Starting 'io.appium.android.apis/io.appium.android.apis.ApiDemos and waiting for 'io.appium.android.apis/io.appium.android.apis.ApiDemos'
[debug] [38;5;64m[ADB][0m Running 'C:\Users\lenovo\AppData\Local\Android\Sdk\platform-tools\adb.exe -P 5037 -s A47EUT2901000624 shell am start -W -n io.appium.android.apis/io.appium.android.apis.ApiDemos -S -a android.intent.action.MAIN -c android.intent.category.LAUNCHER -f 0x10200000'
[debug] [38;5;64m[ADB][0m Waiting up to 20000ms for activity matching pkg: 'io.appium.android.apis' and activity: 'io.appium.android.apis.ApiDemos' to be focused
[debug] [38;5;64m[ADB][0m Possible activities, to be checked: 'io.appium.android.apis.ApiDemos', 'io.appium.android.apis.io.appium.android.apis.ApiDemos'
[debug] [38;5;64m[ADB][0m Getting focused package and activity
[debug] [38;5;64m[ADB][0m Running 'C:\Users\lenovo\AppData\Local\Android\Sdk\platform-tools\adb.exe -P 5037 -s A47EUT2901000624 shell dumpsys window displays'
[debug] [38;5;64m[ADB][0m Found package: 'io.appium.android.apis' and fully qualified activity name : 'io.appium.android.apis.ApiDemos'
[debug] [38;5;32m[AndroidUiautomator2Driver@ab49 (099977bc)][0m Proxying [GET /appium/device/pixel_ratio] to [GET http://127.0.0.1:8200/session/b79149be-4e07-42a6-9634-5e976cd28992/appium/device/pixel_ratio] with no body
[debug] [38;5;32m[AndroidUiautomator2Driver@ab49 (099977bc)][0m Got response with status 200: {"sessionId":"b79149be-4e07-42a6-9634-5e976cd28992","value":3}
[debug] [38;5;32m[AndroidUiautomator2Driver@ab49 (099977bc)][0m Matched '/appium/device/system_bars' to command name 'getSystemBars'
[debug] [38;5;32m[AndroidUiautomator2Driver@ab49 (099977bc)][0m Proxying [GET /appium/device/system_bars] to [GET http://127.0.0.1:8200/session/b79149be-4e07-42a6-9634-5e976cd28992/appium/device/system_bars] with no body
[debug] [38;5;32m[AndroidUiautomator2Driver@ab49 (099977bc)][0m Got response with status 200: {"sessionId":"b79149be-4e07-42a6-9634-5e976cd28992","value":{"statusBar":90}}
[debug] [38;5;32m[AndroidUiautomator2Driver@ab49 (099977bc)][0m Matched '/window/current/size' to command name 'getWindowSize'
[debug] [38;5;32m[AndroidUiautomator2Driver@ab49 (099977bc)][0m Proxying [GET /window/current/size] to [GET http://127.0.0.1:8200/session/b79149be-4e07-42a6-9634-5e976cd28992/window/current/size] with no body
[debug] [38;5;32m[AndroidUiautomator2Driver@ab49 (099977bc)][0m Got response with status 200: {"sessionId":"b79149be-4e07-42a6-9634-5e976cd28992","value":{"height":2184,"width":1080}}
[38;5;16m[AppiumDriver@5d29][0m New AndroidUiautomator2Driver session created successfully, session 099977bc-0e08-42e7-92cc-37362e7d39fb added to master session list
[debug] [38;5;16m[AppiumDriver@5d29][0m Event 'newSessionStarted' logged at 1702998684959 (15:11:24 GMT+0000 (Greenwich Mean Time))
[debug] [38;5;32m[AndroidUiautomator2Driver@ab49 (099977bc)][0m Cached the protocol value 'W3C' for the new session 099977bc-0e08-42e7-92cc-37362e7d39fb
[debug] [38;5;32m[AndroidUiautomator2Driver@ab49 (099977bc)][0m Responding to client with driver.createSession() result: {"capabilities":{"platform":"LINUX","webStorageEnabled":false,"takesScreenshot":true,"javascriptEnabled":true,"databaseEnabled":false,"networkConnectionEnabled":true,"locationContextEnabled":false,"warnings":{},"desired":{"platformName":"Android","platformVersion":"13","deviceName":"HONOR","automationName":"UiAutomator2","app":"C:\\Dummy\\ApiDemos-debug.apk"},"platformName":"Android","platformVersion":"13","deviceName":"A47EUT2901000624","automationName":"UiAutomator2","app":"C:\\Dummy\\ApiDemos-debug.apk","deviceUDID":"A47EUT2901000624","appPackage":"io.appium.android.apis","deviceApiLevel":33,"deviceScreenSize":"1080x2388","deviceScreenDensity":480,"deviceModel":"ANY-NX1","deviceManufacturer":"HONOR","pixelRatio":3,"statBarHeight":90,"viewportRect":{"left":0,"top":90,"width":1080,"height":2094}}}
[38;5;0m[HTTP][0m [37m<-- POST /session [39m[32m200[39m [90m10807 ms - 870[39m
[38;5;0m[HTTP][0m [90m[39m
[38;5;0m[HTTP][0m [37m-->[39m [37mPOST[39m [37m/session/099977bc-0e08-42e7-92cc-37362e7d39fb/element[39m
[38;5;0m[HTTP][0m [90m{"using":"xpath","value":"//android.widget.TextView[@text = \"API Demos\"]"}[39m
[debug] [38;5;32m[AndroidUiautomator2Driver@ab49 (099977bc)][0m Calling AppiumDriver.findElement() with args: ["xpath","//android.widget.TextView[@text = \"API Demos\"]","099977bc-0e08-42e7-92cc-37362e7d39fb"]
[debug] [38;5;32m[AndroidUiautomator2Driver@ab49 (099977bc)][0m Valid locator strategies for this request: xpath, id, class name, accessibility id, css selector, -android uiautomator
[debug] [38;5;32m[AndroidUiautomator2Driver@ab49 (099977bc)][0m Waiting up to 0 ms for condition
[debug] [38;5;32m[AndroidUiautomator2Driver@ab49 (099977bc)][0m Matched '/element' to command name 'findElement'
[debug] [38;5;32m[AndroidUiautomator2Driver@ab49 (099977bc)][0m Proxying [POST /element] to [POST http://127.0.0.1:8200/session/b79149be-4e07-42a6-9634-5e976cd28992/element] with body: {"strategy":"xpath","selector":"//android.widget.TextView[@text = \"API Demos\"]","context":"","multiple":false}
[debug] [38;5;32m[AndroidUiautomator2Driver@ab49 (099977bc)][0m Got response with status 200: {"sessionId":"b79149be-4e07-42a6-9634-5e976cd28992","value":{"ELEMENT":"00000000-0000-0093-ffff-ffff00000005","element-6066-11e4-a52e-4f735466cecf":"00000000-0000-0093-ffff-ffff00000005"}}
[debug] [38;5;32m[AndroidUiautomator2Driver@ab49 (099977bc)][0m Responding to client with driver.findElement() result: {"element-6066-11e4-a52e-4f735466cecf":"00000000-0000-0093-ffff-ffff00000005","ELEMENT":"00000000-0000-0093-ffff-ffff00000005"}
[38;5;0m[HTTP][0m [37m<-- POST /session/099977bc-0e08-42e7-92cc-37362e7d39fb/element [39m[32m200[39m [90m1098 ms - 137[39m
[38;5;0m[HTTP][0m [90m[39m
[38;5;0m[HTTP][0m [37m-->[39m [37mGET[39m [37m/session/099977bc-0e08-42e7-92cc-37362e7d39fb/element/00000000-0000-0093-ffff-ffff00000005/text[39m
[38;5;0m[HTTP][0m [90m{}[39m
[38;5;32m[AndroidUiautomator2Driver@ab49 (099977bc)][0m Driver proxy active, passing request on via HTTP proxy
[debug] [38;5;32m[AndroidUiautomator2Driver@ab49 (099977bc)][0m Matched '/session/099977bc-0e08-42e7-92cc-37362e7d39fb/element/00000000-0000-0093-ffff-ffff00000005/text' to command name 'getText'
[debug] [38;5;32m[AndroidUiautomator2Driver@ab49 (099977bc)][0m Proxying [GET /session/099977bc-0e08-42e7-92cc-37362e7d39fb/element/00000000-0000-0093-ffff-ffff00000005/text] to [GET http://127.0.0.1:8200/session/b79149be-4e07-42a6-9634-5e976cd28992/element/00000000-0000-0093-ffff-ffff00000005/text] with no body
[debug] [38;5;32m[AndroidUiautomator2Driver@ab49 (099977bc)][0m Got response with status 200: {"sessionId":"b79149be-4e07-42a6-9634-5e976cd28992","value":"API Demos"}
[38;5;32m[AndroidUiautomator2Driver@ab49 (099977bc)][0m Replacing sessionId b79149be-4e07-42a6-9634-5e976cd28992 with 099977bc-0e08-42e7-92cc-37362e7d39fb
[38;5;0m[HTTP][0m [37m<-- GET /session/099977bc-0e08-42e7-92cc-37362e7d39fb/element/00000000-0000-0093-ffff-ffff00000005/text [39m[32m200[39m [90m17 ms - 72[39m
[38;5;0m[HTTP][0m [90m[39m
[38;5;0m[HTTP][0m [37m-->[39m [37mPOST[39m [37m/session/099977bc-0e08-42e7-92cc-37362e7d39fb/element[39m
[38;5;0m[HTTP][0m [90m{"using":"accessibility id","value":"App"}[39m
[debug] [38;5;32m[AndroidUiautomator2Driver@ab49 (099977bc)][0m Calling AppiumDriver.findElement() with args: ["accessibility id","App","099977bc-0e08-42e7-92cc-37362e7d39fb"]
[debug] [38;5;32m[AndroidUiautomator2Driver@ab49 (099977bc)][0m Valid locator strategies for this request: xpath, id, class name, accessibility id, css selector, -android uiautomator
[debug] [38;5;32m[AndroidUiautomator2Driver@ab49 (099977bc)][0m Waiting up to 0 ms for condition
[debug] [38;5;32m[AndroidUiautomator2Driver@ab49 (099977bc)][0m Matched '/element' to command name 'findElement'
[debug] [38;5;32m[AndroidUiautomator2Driver@ab49 (099977bc)][0m Proxying [POST /element] to [POST http://127.0.0.1:8200/session/b79149be-4e07-42a6-9634-5e976cd28992/element] with body: {"strategy":"accessibility id","selector":"App","context":"","multiple":false}
[debug] [38;5;32m[AndroidUiautomator2Driver@ab49 (099977bc)][0m Got response with status 200: {"sessionId":"b79149be-4e07-42a6-9634-5e976cd28992","value":{"ELEMENT":"00000000-0000-0093-ffff-ffff0000000c","element-6066-11e4-a52e-4f735466cecf":"00000000-0000-0093-ffff-ffff0000000c"}}
[debug] [38;5;32m[AndroidUiautomator2Driver@ab49 (099977bc)][0m Responding to client with driver.findElement() result: {"element-6066-11e4-a52e-4f735466cecf":"00000000-0000-0093-ffff-ffff0000000c","ELEMENT":"00000000-0000-0093-ffff-ffff0000000c"}
[38;5;0m[HTTP][0m [37m<-- POST /session/099977bc-0e08-42e7-92cc-37362e7d39fb/element [39m[32m200[39m [90m35 ms - 137[39m
[38;5;0m[HTTP][0m [90m[39m
[38;5;0m[HTTP][0m [37m-->[39m [37mPOST[39m [37m/session/099977bc-0e08-42e7-92cc-37362e7d39fb/element/00000000-0000-0093-ffff-ffff0000000c/click[39m
[38;5;0m[HTTP][0m [90m{}[39m
[debug] [38;5;32m[AndroidUiautomator2Driver@ab49 (099977bc)][0m Calling AppiumDriver.click() with args: ["00000000-0000-0093-ffff-ffff0000000c","099977bc-0e08-42e7-92cc-37362e7d39fb"]
[debug] [38;5;32m[AndroidUiautomator2Driver@ab49 (099977bc)][0m Matched '/element/00000000-0000-0093-ffff-ffff0000000c/click' to command name 'click'
[debug] [38;5;32m[AndroidUiautomator2Driver@ab49 (099977bc)][0m Proxying [POST /element/00000000-0000-0093-ffff-ffff0000000c/click] to [POST http://127.0.0.1:8200/session/b79149be-4e07-42a6-9634-5e976cd28992/element/00000000-0000-0093-ffff-ffff0000000c/click] with body: {"element":"00000000-0000-0093-ffff-ffff0000000c"}
[38;5;0m[HTTP][0m [37m-->[39m [37mPOST[39m [37m/session/099977bc-0e08-42e7-92cc-37362e7d39fb/element[39m
[38;5;0m[HTTP][0m [90m{"using":"accessibility id","value":"Alert Dialogs"}[39m
[debug] [38;5;32m[AndroidUiautomator2Driver@ab49 (099977bc)][0m Calling AppiumDriver.findElement() with args: ["accessibility id","Alert Dialogs","099977bc-0e08-42e7-92cc-37362e7d39fb"]
[debug] [38;5;32m[AndroidUiautomator2Driver@ab49 (099977bc)][0m Got response with status 200: {"sessionId":"b79149be-4e07-42a6-9634-5e976cd28992","value":null}
[debug] [38;5;32m[AndroidUiautomator2Driver@ab49 (099977bc)][0m Valid locator strategies for this request: xpath, id, class name, accessibility id, css selector, -android uiautomator
[debug] [38;5;32m[AndroidUiautomator2Driver@ab49 (099977bc)][0m Waiting up to 0 ms for condition
[debug] [38;5;32m[AndroidUiautomator2Driver@ab49 (099977bc)][0m Matched '/element' to command name 'findElement'
[debug] [38;5;32m[AndroidUiautomator2Driver@ab49 (099977bc)][0m Proxying [POST /element] to [POST http://127.0.0.1:8200/session/b79149be-4e07-42a6-9634-5e976cd28992/element] with body: {"strategy":"accessibility id","selector":"Alert Dialogs","context":"","multiple":false}
[debug] [38;5;32m[AndroidUiautomator2Driver@ab49 (099977bc)][0m Responding to client with driver.click() result: null
[38;5;0m[HTTP][0m [37m<-- POST /session/099977bc-0e08-42e7-92cc-37362e7d39fb/element/00000000-0000-0093-ffff-ffff0000000c/click [39m[32m200[39m [90m1047 ms - 14[39m
[38;5;0m[HTTP][0m [90m[39m
[debug] [38;5;32m[AndroidUiautomator2Driver@ab49 (099977bc)][0m Got response with status 200: {"sessionId":"b79149be-4e07-42a6-9634-5e976cd28992","value":{"ELEMENT":"00000000-0000-0094-ffff-ffff00000022","element-6066-11e4-a52e-4f735466cecf":"00000000-0000-0094-ffff-ffff00000022"}}
[debug] [38;5;32m[AndroidUiautomator2Driver@ab49 (099977bc)][0m Responding to client with driver.findElement() result: {"element-6066-11e4-a52e-4f735466cecf":"00000000-0000-0094-ffff-ffff00000022","ELEMENT":"00000000-0000-0094-ffff-ffff00000022"}
[38;5;0m[HTTP][0m [37m<-- POST /session/099977bc-0e08-42e7-92cc-37362e7d39fb/element [39m[32m200[39m [90m1128 ms - 137[39m
[38;5;0m[HTTP][0m [90m[39m
[38;5;0m[HTTP][0m [37m-->[39m [37mGET[39m [37m/session/099977bc-0e08-42e7-92cc-37362e7d39fb/element/00000000-0000-0094-ffff-ffff00000022/text[39m
[38;5;0m[HTTP][0m [90m{}[39m
[38;5;32m[AndroidUiautomator2Driver@ab49 (099977bc)][0m Driver proxy active, passing request on via HTTP proxy
[debug] [38;5;32m[AndroidUiautomator2Driver@ab49 (099977bc)][0m Matched '/session/099977bc-0e08-42e7-92cc-37362e7d39fb/element/00000000-0000-0094-ffff-ffff00000022/text' to command name 'getText'
[debug] [38;5;32m[AndroidUiautomator2Driver@ab49 (099977bc)][0m Proxying [GET /session/099977bc-0e08-42e7-92cc-37362e7d39fb/element/00000000-0000-0094-ffff-ffff00000022/text] to [GET http://127.0.0.1:8200/session/b79149be-4e07-42a6-9634-5e976cd28992/element/00000000-0000-0094-ffff-ffff00000022/text] with no body
[debug] [38;5;32m[AndroidUiautomator2Driver@ab49 (099977bc)][0m Got response with status 200: {"sessionId":"b79149be-4e07-42a6-9634-5e976cd28992","value":"Alert Dialogs"}
[38;5;32m[AndroidUiautomator2Driver@ab49 (099977bc)][0m Replacing sessionId b79149be-4e07-42a6-9634-5e976cd28992 with 099977bc-0e08-42e7-92cc-37362e7d39fb
[38;5;0m[HTTP][0m [37m<-- GET /session/099977bc-0e08-42e7-92cc-37362e7d39fb/element/00000000-0000-0094-ffff-ffff00000022/text [39m[32m200[39m [90m45 ms - 76[39m
[38;5;0m[HTTP][0m [90m[39m
[38;5;0m[HTTP][0m [37m-->[39m [37mPOST[39m [37m/session/099977bc-0e08-42e7-92cc-37362e7d39fb/element[39m
[38;5;0m[HTTP][0m [90m{"using":"xpath","value":"//android.widget.TextView[@text = \"API Demos\"]"}[39m
[debug] [38;5;32m[AndroidUiautomator2Driver@ab49 (099977bc)][0m Calling AppiumDriver.findElement() with args: ["xpath","//android.widget.TextView[@text = \"API Demos\"]","099977bc-0e08-42e7-92cc-37362e7d39fb"]
[debug] [38;5;32m[AndroidUiautomator2Driver@ab49 (099977bc)][0m Valid locator strategies for this request: xpath, id, class name, accessibility id, css selector, -android uiautomator
[debug] [38;5;32m[AndroidUiautomator2Driver@ab49 (099977bc)][0m Waiting up to 0 ms for condition
[debug] [38;5;32m[AndroidUiautomator2Driver@ab49 (099977bc)][0m Matched '/element' to command name 'findElement'
[debug] [38;5;32m[AndroidUiautomator2Driver@ab49 (099977bc)][0m Proxying [POST /element] to [POST http://127.0.0.1:8200/session/b79149be-4e07-42a6-9634-5e976cd28992/element] with body: {"strategy":"xpath","selector":"//android.widget.TextView[@text = \"API Demos\"]","context":"","multiple":false}
[debug] [38;5;32m[AndroidUiautomator2Driver@ab49 (099977bc)][0m Got response with status 200: {"sessionId":"b79149be-4e07-42a6-9634-5e976cd28992","value":{"ELEMENT":"00000000-0000-0094-ffff-ffff0000001b","element-6066-11e4-a52e-4f735466cecf":"00000000-0000-0094-ffff-ffff0000001b"}}
[debug] [38;5;32m[AndroidUiautomator2Driver@ab49 (099977bc)][0m Responding to client with driver.findElement() result: {"element-6066-11e4-a52e-4f735466cecf":"00000000-0000-0094-ffff-ffff0000001b","ELEMENT":"00000000-0000-0094-ffff-ffff0000001b"}
[38;5;0m[HTTP][0m [37m<-- POST /session/099977bc-0e08-42e7-92cc-37362e7d39fb/element [39m[32m200[39m [90m250 ms - 137[39m
[38;5;0m[HTTP][0m [90m[39m
[38;5;0m[HTTP][0m [37m-->[39m [37mPOST[39m [37m/session/099977bc-0e08-42e7-92cc-37362e7d39fb/element[39m
[38;5;0m[HTTP][0m [90m{"using":"xpath","value":"//android.widget.TextView[@text = \"API Demos\"]"}[39m
[debug] [38;5;32m[AndroidUiautomator2Driver@ab49 (099977bc)][0m Calling AppiumDriver.findElement() with args: ["xpath","//android.widget.TextView[@text = \"API Demos\"]","099977bc-0e08-42e7-92cc-37362e7d39fb"]
[debug] [38;5;32m[AndroidUiautomator2Driver@ab49 (099977bc)][0m Valid locator strategies for this request: xpath, id, class name, accessibility id, css selector, -android uiautomator
[debug] [38;5;32m[AndroidUiautomator2Driver@ab49 (099977bc)][0m Waiting up to 0 ms for condition
[debug] [38;5;32m[AndroidUiautomator2Driver@ab49 (099977bc)][0m Matched '/element' to command name 'findElement'
[debug] [38;5;32m[AndroidUiautomator2Driver@ab49 (099977bc)][0m Proxying [POST /element] to [POST http://127.0.0.1:8200/session/b79149be-4e07-42a6-9634-5e976cd28992/element] with body: {"strategy":"xpath","selector":"//android.widget.TextView[@text = \"API Demos\"]","context":"","multiple":false}
[38;5;0m[HTTP][0m [37m-->[39m [37mPOST[39m [37m/session/099977bc-0e08-42e7-92cc-37362e7d39fb/element[39m
[38;5;0m[HTTP][0m [90m{"using":"accessibility id","value":"Alert Dialogs"}[39m
[debug] [38;5;32m[AndroidUiautomator2Driver@ab49 (099977bc)][0m Calling AppiumDriver.findElement() with args: ["accessibility id","Alert Dialogs","099977bc-0e08-42e7-92cc-37362e7d39fb"]
[38;5;0m[HTTP][0m [37m-->[39m [37mGET[39m [37m/session/099977bc-0e08-42e7-92cc-37362e7d39fb/element/00000000-0000-0094-ffff-ffff0000001b/displayed[39m
[38;5;0m[HTTP][0m [90m{}[39m
[debug] [38;5;32m[AndroidUiautomator2Driver@ab49 (099977bc)][0m Calling AppiumDriver.elementDisplayed() with args: ["00000000-0000-0094-ffff-ffff0000001b","099977bc-0e08-42e7-92cc-37362e7d39fb"]
[debug] [38;5;32m[AndroidUiautomator2Driver@ab49 (099977bc)][0m Got response with status 200: {"sessionId":"b79149be-4e07-42a6-9634-5e976cd28992","value":{"ELEMENT":"00000000-0000-0094-ffff-ffff0000001b","element-6066-11e4-a52e-4f735466cecf":"00000000-0000-0094-ffff-ffff0000001b"}}
[debug] [38;5;32m[AndroidUiautomator2Driver@ab49 (099977bc)][0m Valid locator strategies for this request: xpath, id, class name, accessibility id, css selector, -android uiautomator
[debug] [38;5;32m[AndroidUiautomator2Driver@ab49 (099977bc)][0m Waiting up to 0 ms for condition
[debug] [38;5;32m[AndroidUiautomator2Driver@ab49 (099977bc)][0m Matched '/element' to command name 'findElement'
[debug] [38;5;32m[AndroidUiautomator2Driver@ab49 (099977bc)][0m Proxying [POST /element] to [POST http://127.0.0.1:8200/session/b79149be-4e07-42a6-9634-5e976cd28992/element] with body: {"strategy":"accessibility id","selector":"Alert Dialogs","context":"","multiple":false}
[debug] [38;5;32m[AndroidUiautomator2Driver@ab49 (099977bc)][0m Responding to client with driver.findElement() result: {"element-6066-11e4-a52e-4f735466cecf":"00000000-0000-0094-ffff-ffff0000001b","ELEMENT":"00000000-0000-0094-ffff-ffff0000001b"}
[38;5;0m[HTTP][0m [37m<-- POST /session/099977bc-0e08-42e7-92cc-37362e7d39fb/element [39m[32m200[39m [90m192 ms - 137[39m
[38;5;0m[HTTP][0m [90m[39m
[38;5;0m[HTTP][0m [37m-->[39m [37mGET[39m [37m/session/099977bc-0e08-42e7-92cc-37362e7d39fb/element/00000000-0000-0094-ffff-ffff0000001b/enabled[39m
[38;5;0m[HTTP][0m [90m{}[39m
[debug] [38;5;32m[AndroidUiautomator2Driver@ab49 (099977bc)][0m Calling AppiumDriver.elementEnabled() with args: ["00000000-0000-0094-ffff-ffff0000001b","099977bc-0e08-42e7-92cc-37362e7d39fb"]
[debug] [38;5;32m[AndroidUiautomator2Driver@ab49 (099977bc)][0m Got response with status 200: {"sessionId":"b79149be-4e07-42a6-9634-5e976cd28992","value":{"ELEMENT":"00000000-0000-0094-ffff-ffff00000022","element-6066-11e4-a52e-4f735466cecf":"00000000-0000-0094-ffff-ffff00000022"}}
[debug] [38;5;32m[AndroidUiautomator2Driver@ab49 (099977bc)][0m Matched '/element/00000000-0000-0094-ffff-ffff0000001b/attribute/displayed' to command name 'getAttribute'
[debug] [38;5;32m[AndroidUiautomator2Driver@ab49 (099977bc)][0m Proxying [GET /element/00000000-0000-0094-ffff-ffff0000001b/attribute/displayed] to [GET http://127.0.0.1:8200/session/b79149be-4e07-42a6-9634-5e976cd28992/element/00000000-0000-0094-ffff-ffff0000001b/attribute/displayed] with no body
[debug] [38;5;32m[AndroidUiautomator2Driver@ab49 (099977bc)][0m Responding to client with driver.findElement() result: {"element-6066-11e4-a52e-4f735466cecf":"00000000-0000-0094-ffff-ffff00000022","ELEMENT":"00000000-0000-0094-ffff-ffff00000022"}
[38;5;0m[HTTP][0m [37m<-- POST /session/099977bc-0e08-42e7-92cc-37362e7d39fb/element [39m[32m200[39m [90m280 ms - 137[39m
[38;5;0m[HTTP][0m [90m[39m
[38;5;0m[HTTP][0m [37m-->[39m [37mPOST[39m [37m/session/099977bc-0e08-42e7-92cc-37362e7d39fb/element/00000000-0000-0094-ffff-ffff00000022/click[39m
[38;5;0m[HTTP][0m [90m{}[39m
[debug] [38;5;32m[AndroidUiautomator2Driver@ab49 (099977bc)][0m Calling AppiumDriver.click() with args: ["00000000-0000-0094-ffff-ffff00000022","099977bc-0e08-42e7-92cc-37362e7d39fb"]
[38;5;0m[HTTP][0m [37m-->[39m [37mPOST[39m [37m/session/099977bc-0e08-42e7-92cc-37362e7d39fb/element[39m
[38;5;0m[HTTP][0m [90m{"using":"accessibility id","value":"List dialog"}[39m
[debug] [38;5;32m[AndroidUiautomator2Driver@ab49 (099977bc)][0m Calling AppiumDriver.findElement() with args: ["accessibility id","List dialog","099977bc-0e08-42e7-92cc-37362e7d39fb"]
[debug] [38;5;32m[AndroidUiautomator2Driver@ab49 (099977bc)][0m Got response with status 200: {"sessionId":"b79149be-4e07-42a6-9634-5e976cd28992","value":"true"}
[debug] [38;5;32m[AndroidUiautomator2Driver@ab49 (099977bc)][0m Matched '/element/00000000-0000-0094-ffff-ffff0000001b/attribute/enabled' to command name 'getAttribute'
[debug] [38;5;32m[AndroidUiautomator2Driver@ab49 (099977bc)][0m Proxying [GET /element/00000000-0000-0094-ffff-ffff0000001b/attribute/enabled] to [GET http://127.0.0.1:8200/session/b79149be-4e07-42a6-9634-5e976cd28992/element/00000000-0000-0094-ffff-ffff0000001b/attribute/enabled] with no body
[debug] [38;5;32m[AndroidUiautomator2Driver@ab49 (099977bc)][0m Responding to client with driver.elementDisplayed() result: true
[38;5;0m[HTTP][0m [37m<-- GET /session/099977bc-0e08-42e7-92cc-37362e7d39fb/element/00000000-0000-0094-ffff-ffff0000001b/displayed [39m[32m200[39m [90m312 ms - 14[39m
[38;5;0m[HTTP][0m [90m[39m
[debug] [38;5;32m[AndroidUiautomator2Driver@ab49 (099977bc)][0m Got response with status 200: {"sessionId":"b79149be-4e07-42a6-9634-5e976cd28992","value":"true"}
[debug] [38;5;32m[AndroidUiautomator2Driver@ab49 (099977bc)][0m Matched '/element/00000000-0000-0094-ffff-ffff00000022/click' to command name 'click'
[debug] [38;5;32m[AndroidUiautomator2Driver@ab49 (099977bc)][0m Proxying [POST /element/00000000-0000-0094-ffff-ffff00000022/click] to [POST http://127.0.0.1:8200/session/b79149be-4e07-42a6-9634-5e976cd28992/element/00000000-0000-0094-ffff-ffff00000022/click] with body: {"element":"00000000-0000-0094-ffff-ffff00000022"}
[debug] [38;5;32m[AndroidUiautomator2Driver@ab49 (099977bc)][0m Responding to client with driver.elementEnabled() result: true
[38;5;0m[HTTP][0m [37m<-- GET /session/099977bc-0e08-42e7-92cc-37362e7d39fb/element/00000000-0000-0094-ffff-ffff0000001b/enabled [39m[32m200[39m [90m154 ms - 14[39m
[38;5;0m[HTTP][0m [90m[39m
[38;5;0m[HTTP][0m [37m-->[39m [37mGET[39m [37m/session/099977bc-0e08-42e7-92cc-37362e7d39fb/element/00000000-0000-0094-ffff-ffff0000001b/enabled[39m
[38;5;0m[HTTP][0m [90m{}[39m
[debug] [38;5;32m[AndroidUiautomator2Driver@ab49 (099977bc)][0m Calling AppiumDriver.elementEnabled() with args: ["00000000-0000-0094-ffff-ffff0000001b","099977bc-0e08-42e7-92cc-37362e7d39fb"]
[debug] [38;5;32m[AndroidUiautomator2Driver@ab49 (099977bc)][0m Got response with status 200: {"sessionId":"b79149be-4e07-42a6-9634-5e976cd28992","value":null}
[debug] [38;5;32m[AndroidUiautomator2Driver@ab49 (099977bc)][0m Valid locator strategies for this request: xpath, id, class name, accessibility id, css selector, -android uiautomator
[debug] [38;5;32m[AndroidUiautomator2Driver@ab49 (099977bc)][0m Waiting up to 0 ms for condition
[debug] [38;5;32m[AndroidUiautomator2Driver@ab49 (099977bc)][0m Matched '/element' to command name 'findElement'
[debug] [38;5;32m[AndroidUiautomator2Driver@ab49 (099977bc)][0m Proxying [POST /element] to [POST http://127.0.0.1:8200/session/b79149be-4e07-42a6-9634-5e976cd28992/element] with body: {"strategy":"accessibility id","selector":"List dialog","context":"","multiple":false}
[debug] [38;5;32m[AndroidUiautomator2Driver@ab49 (099977bc)][0m Responding to client with driver.click() result: null
[38;5;0m[HTTP][0m [37m<-- POST /session/099977bc-0e08-42e7-92cc-37362e7d39fb/element/00000000-0000-0094-ffff-ffff00000022/click [39m[32m200[39m [90m1089 ms - 14[39m
[38;5;0m[HTTP][0m [90m[39m
[debug] [38;5;32m[AndroidUiautomator2Driver@ab49 (099977bc)][0m Got response with status 200: {"sessionId":"b79149be-4e07-42a6-9634-5e976cd28992","value":{"ELEMENT":"00000000-0000-0095-ffff-ffff00000035","element-6066-11e4-a52e-4f735466cecf":"00000000-0000-0095-ffff-ffff00000035"}}
[debug] [38;5;32m[AndroidUiautomator2Driver@ab49 (099977bc)][0m Matched '/element/00000000-0000-0094-ffff-ffff0000001b/attribute/enabled' to command name 'getAttribute'
[debug] [38;5;32m[AndroidUiautomator2Driver@ab49 (099977bc)][0m Proxying [GET /element/00000000-0000-0094-ffff-ffff0000001b/attribute/enabled] to [GET http://127.0.0.1:8200/session/b79149be-4e07-42a6-9634-5e976cd28992/element/00000000-0000-0094-ffff-ffff0000001b/attribute/enabled] with no body
[debug] [38;5;32m[AndroidUiautomator2Driver@ab49 (099977bc)][0m Responding to client with driver.findElement() result: {"element-6066-11e4-a52e-4f735466cecf":"00000000-0000-0095-ffff-ffff00000035","ELEMENT":"00000000-0000-0095-ffff-ffff00000035"}
[38;5;0m[HTTP][0m [37m<-- POST /session/099977bc-0e08-42e7-92cc-37362e7d39fb/element [39m[32m200[39m [90m1184 ms - 137[39m
[38;5;0m[HTTP][0m [90m[39m
[38;5;0m[HTTP][0m [37m-->[39m [37mPOST[39m [37m/session/099977bc-0e08-42e7-92cc-37362e7d39fb/element/00000000-0000-0095-ffff-ffff00000035/click[39m
[38;5;0m[HTTP][0m [90m{}[39m
[debug] [38;5;32m[AndroidUiautomator2Driver@ab49 (099977bc)][0m Calling AppiumDriver.click() with args: ["00000000-0000-0095-ffff-ffff00000035","099977bc-0e08-42e7-92cc-37362e7d39fb"]
[38;5;0m[HTTP][0m [37m-->[39m [37mPOST[39m [37m/session/099977bc-0e08-42e7-92cc-37362e7d39fb/element[39m
[38;5;0m[HTTP][0m [90m{"using":"xpath","value":"//android.widget.TextView[@text = \"Command one\"]"}[39m
[debug] [38;5;32m[AndroidUiautomator2Driver@ab49 (099977bc)][0m Calling AppiumDriver.findElement() with args: ["xpath","//android.widget.TextView[@text = \"Command one\"]","099977bc-0e08-42e7-92cc-37362e7d39fb"]
[38;5;32m[AndroidUiautomator2Driver@ab49 (099977bc)][0m Got response with status 404: {"sessionId":"b79149be-4e07-42a6-9634-5e976cd28992","value":{"error":"stale element reference","message":"The element 'By.xpath: //android.widget.TextView[@text = \"API Demos\"]' does not exist in DOM anymore","stacktrace":"io.appium.uiautomator2.common.exceptions.StaleElementReferenceException: The element 'By.xpath: //android.widget.TextView[@text = \"API Demos\"]' does not exist in DOM anymore\n\tat io.appium.uiautomator2.model.ElementsCache.restore(ElementsCache.java:117)\n\tat io.appium.uiautomator2.model.ElementsCache.get(ElementsCache.java:153)\n\tat io.appium.uiautomator2.handler.GetElementAttribute.safeHandle(GetElementAttribute.java:23)\n\tat io.appium.uiautomator2.handler.request.SafeRequestHandler.handle(SafeRequestHandler.java:59)\n\tat io.appium.uiautomator2.server.AppiumServlet.handleRequest(AppiumServlet.java:267)\n\tat io.appium.uiautomator2.server.AppiumServlet.handleHttpRequest(AppiumServlet.java:261)\n\tat io.appium.uiautomator2.http.ServerHandler.channelRead(ServerHandler.java:68)\n\ta...
[debug] [38;5;128m[W3C][0m Matched W3C error code 'stale element reference' to StaleElementReferenceError
[debug] [38;5;32m[AndroidUiautomator2Driver@ab49 (099977bc)][0m Matched '/element/00000000-0000-0095-ffff-ffff00000035/click' to command name 'click'
[debug] [38;5;32m[AndroidUiautomator2Driver@ab49 (099977bc)][0m Proxying [POST /element/00000000-0000-0095-ffff-ffff00000035/click] to [POST http://127.0.0.1:8200/session/b79149be-4e07-42a6-9634-5e976cd28992/element/00000000-0000-0095-ffff-ffff00000035/click] with body: {"element":"00000000-0000-0095-ffff-ffff00000035"}
[debug] [38;5;32m[AndroidUiautomator2Driver@ab49 (099977bc)][0m Encountered internal error running command: io.appium.uiautomator2.common.exceptions.StaleElementReferenceException: The element 'By.xpath: //android.widget.TextView[@text = "API Demos"]' does not exist in DOM anymore
[debug] [38;5;32m[AndroidUiautomator2Driver@ab49 (099977bc)][0m 	at io.appium.uiautomator2.model.ElementsCache.restore(ElementsCache.java:117)
[debug] [38;5;32m[AndroidUiautomator2Driver@ab49 (099977bc)][0m 	at io.appium.uiautomator2.model.ElementsCache.get(ElementsCache.java:153)
[debug] [38;5;32m[AndroidUiautomator2Driver@ab49 (099977bc)][0m 	at io.appium.uiautomator2.handler.GetElementAttribute.safeHandle(GetElementAttribute.java:23)
[debug] [38;5;32m[AndroidUiautomator2Driver@ab49 (099977bc)][0m 	at io.appium.uiautomator2.handler.request.SafeRequestHandler.handle(SafeRequestHandler.java:59)
[debug] [38;5;32m[AndroidUiautomator2Driver@ab49 (099977bc)][0m 	at io.appium.uiautomator2.server.AppiumServlet.handleRequest(AppiumServlet.java:267)
[debug] [38;5;32m[AndroidUiautomator2Driver@ab49 (099977bc)][0m 	at io.appium.uiautomator2.server.AppiumServlet.handleHttpRequest(AppiumServlet.java:261)
[debug] [38;5;32m[AndroidUiautomator2Driver@ab49 (099977bc)][0m 	at io.appium.uiautomator2.http.ServerHandler.channelRead(ServerHandler.java:68)
[debug] [38;5;32m[AndroidUiautomator2Driver@ab49 (099977bc)][0m 	at io.netty.channel.AbstractChannelHandlerContext.invokeChannelRead(AbstractChannelHandlerContext.java:366)
[debug] [38;5;32m[AndroidUiautomator2Driver@ab49 (099977bc)][0m 	at io.netty.channel.AbstractChannelHandlerContext.invokeChannelRead(AbstractChannelHandlerContext.java:352)
[debug] [38;5;32m[AndroidUiautomator2Driver@ab49 (099977bc)][0m 	at io.netty.channel.AbstractChannelHandlerContext.fireChannelRead(AbstractChannelHandlerContext.java:345)
[debug] [38;5;32m[AndroidUiautomator2Driver@ab49 (099977bc)][0m 	at io.netty.handler.codec.MessageToMessageDecoder.channelRead(MessageToMessageDecoder.java:102)
[debug] [38;5;32m[AndroidUiautomator2Driver@ab49 (099977bc)][0m 	at io.netty.channel.AbstractChannelHandlerContext.invokeChannelRead(AbstractChannelHandlerContext.java:366)
[debug] [38;5;32m[AndroidUiautomator2Driver@ab49 (099977bc)][0m 	at io.netty.channel.AbstractChannelHandlerContext.invokeChannelRead(AbstractChannelHandlerContext.java:352)
[debug] [38;5;32m[AndroidUiautomator2Driver@ab49 (099977bc)][0m 	at io.netty.channel.AbstractChannelHandlerContext.fireChannelRead(AbstractChannelHandlerContext.java:345)
[debug] [38;5;32m[AndroidUiautomator2Driver@ab49 (099977bc)][0m 	at io.netty.channel.CombinedChannelDuplexHandler$DelegatingChannelHandlerContext.fireChannelRead(CombinedChannelDuplexHandler.java:435)
[debug] [38;5;32m[AndroidUiautomator2Driver@ab49 (099977bc)][0m 	at io.netty.handler.codec.ByteToMessageDecoder.fireChannelRead(ByteToMessageDecoder.java:293)
[debug] [38;5;32m[AndroidUiautomator2Driver@ab49 (099977bc)][0m 	at io.netty.handler.codec.ByteToMessageDecoder.channelRead(ByteToMessageDecoder.java:267)
[debug] [38;5;32m[AndroidUiautomator2Driver@ab49 (099977bc)][0m 	at io.netty.channel.CombinedChannelDuplexHandler.channelRead(CombinedChannelDuplexHandler.java:250)
[debug] [38;5;32m[AndroidUiautomator2Driver@ab49 (099977bc)][0m 	at io.netty.channel.AbstractChannelHandlerContext.invokeChannelRead(AbstractChannelHandlerContext.java:366)
[debug] [38;5;32m[AndroidUiautomator2Driver@ab49 (099977bc)][0m 	at io.netty.channel.AbstractChannelHandlerContext.invokeChannelRead(AbstractChannelHandlerContext.java:352)
[debug] [38;5;32m[AndroidUiautomator2Driver@ab49 (099977bc)][0m 	at io.netty.channel.AbstractChannelHandlerContext.fireChannelRead(AbstractChannelHandlerContext.java:345)
[debug] [38;5;32m[AndroidUiautomator2Driver@ab49 (099977bc)][0m 	at io.netty.handler.timeout.IdleStateHandler.channelRead(IdleStateHandler.java:266)
[debug] [38;5;32m[AndroidUiautomator2Driver@ab49 (099977bc)][0m 	at io.netty.channel.AbstractChannelHandlerContext.invokeChannelRead(AbstractChannelHandlerContext.java:366)
[debug] [38;5;32m[AndroidUiautomator2Driver@ab49 (099977bc)][0m 	at io.netty.channel.AbstractChannelHandlerContext.invokeChannelRead(AbstractChannelHandlerContext.java:352)
[debug] [38;5;32m[AndroidUiautomator2Driver@ab49 (099977bc)][0m 	at io.netty.channel.AbstractChannelHandlerContext.fireChannelRead(AbstractChannelHandlerContext.java:345)
[debug] [38;5;32m[AndroidUiautomator2Driver@ab49 (099977bc)][0m 	at io.netty.channel.DefaultChannelPipeline$HeadContext.channelRead(DefaultChannelPipeline.java:1294)
[debug] [38;5;32m[AndroidUiautomator2Driver@ab49 (099977bc)][0m 	at io.netty.channel.AbstractChannelHandlerContext.invokeChannelRead(AbstractChannelHandlerContext.java:366)
[debug] [38;5;32m[AndroidUiautomator2Driver@ab49 (099977bc)][0m 	at io.netty.channel.AbstractChannelHandlerContext.invokeChannelRead(AbstractChannelHandlerContext.java:352)
[debug] [38;5;32m[AndroidUiautomator2Driver@ab49 (099977bc)][0m 	at io.netty.channel.DefaultChannelPipeline.fireChannelRead(DefaultChannelPipeline.java:911)
[debug] [38;5;32m[AndroidUiautomator2Driver@ab49 (099977bc)][0m 	at io.netty.channel.nio.AbstractNioByteChannel$NioByteUnsafe.read(AbstractNioByteChannel.java:131)
[debug] [38;5;32m[AndroidUiautomator2Driver@ab49 (099977bc)][0m 	at io.netty.channel.nio.NioEventLoop.processSelectedKey(NioEventLoop.java:611)
[debug] [38;5;32m[AndroidUiautomator2Driver@ab49 (099977bc)][0m 	at io.netty.channel.nio.NioEventLoop.processSelectedKeysOptimized(NioEventLoop.java:552)
[debug] [38;5;32m[AndroidUiautomator2Driver@ab49 (099977bc)][0m 	at io.netty.channel.nio.NioEventLoop.processSelectedKeys(NioEventLoop.java:466)
[debug] [38;5;32m[AndroidUiautomator2Driver@ab49 (099977bc)][0m 	at io.netty.channel.nio.NioEventLoop.run(NioEventLoop.java:438)
[debug] [38;5;32m[AndroidUiautomator2Driver@ab49 (099977bc)][0m 	at io.netty.util.concurrent.SingleThreadEventExecutor$2.run(SingleThreadEventExecutor.java:140)
[debug] [38;5;32m[AndroidUiautomator2Driver@ab49 (099977bc)][0m 	at io.netty.util.concurrent.DefaultThreadFactory$DefaultRunnableDecorator.run(DefaultThreadFactory.java:144)
[debug] [38;5;32m[AndroidUiautomator2Driver@ab49 (099977bc)][0m 	at java.lang.Thread.run(Thread.java:1012)
[debug] [38;5;32m[AndroidUiautomator2Driver@ab49 (099977bc)][0m 
[38;5;0m[HTTP][0m [37m<-- GET /session/099977bc-0e08-42e7-92cc-37362e7d39fb/element/00000000-0000-0094-ffff-ffff0000001b/enabled [39m[33m404[39m [90m863 ms - 4015[39m
[38;5;0m[HTTP][0m [90m[39m
[38;5;0m[HTTP][0m [37m-->[39m [37mPOST[39m [37m/session/099977bc-0e08-42e7-92cc-37362e7d39fb/element[39m
[38;5;0m[HTTP][0m [90m{"using":"xpath","value":"//android.widget.TextView[@text = \"API Demos\"]"}[39m
[debug] [38;5;32m[AndroidUiautomator2Driver@ab49 (099977bc)][0m Calling AppiumDriver.findElement() with args: ["xpath","//android.widget.TextView[@text = \"API Demos\"]","099977bc-0e08-42e7-92cc-37362e7d39fb"]
[debug] [38;5;32m[AndroidUiautomator2Driver@ab49 (099977bc)][0m Got response with status 200: {"sessionId":"b79149be-4e07-42a6-9634-5e976cd28992","value":null}
[debug] [38;5;32m[AndroidUiautomator2Driver@ab49 (099977bc)][0m Valid locator strategies for this request: xpath, id, class name, accessibility id, css selector, -android uiautomator
[debug] [38;5;32m[AndroidUiautomator2Driver@ab49 (099977bc)][0m Waiting up to 0 ms for condition
[debug] [38;5;32m[AndroidUiautomator2Driver@ab49 (099977bc)][0m Matched '/element' to command name 'findElement'
[debug] [38;5;32m[AndroidUiautomator2Driver@ab49 (099977bc)][0m Proxying [POST /element] to [POST http://127.0.0.1:8200/session/b79149be-4e07-42a6-9634-5e976cd28992/element] with body: {"strategy":"xpath","selector":"//android.widget.TextView[@text = \"Command one\"]","context":"","multiple":false}
[debug] [38;5;32m[AndroidUiautomator2Driver@ab49 (099977bc)][0m Responding to client with driver.click() result: null
[38;5;0m[HTTP][0m [37m<-- POST /session/099977bc-0e08-42e7-92cc-37362e7d39fb/element/00000000-0000-0095-ffff-ffff00000035/click [39m[32m200[39m [90m309 ms - 14[39m
[38;5;0m[HTTP][0m [90m[39m
[debug] [38;5;32m[AndroidUiautomator2Driver@ab49 (099977bc)][0m Got response with status 200: {"sessionId":"b79149be-4e07-42a6-9634-5e976cd28992","value":{"ELEMENT":"00000000-0000-0096-ffff-ffff00000057","element-6066-11e4-a52e-4f735466cecf":"00000000-0000-0096-ffff-ffff00000057"}}
[debug] [38;5;32m[AndroidUiautomator2Driver@ab49 (099977bc)][0m Valid locator strategies for this request: xpath, id, class name, accessibility id, css selector, -android uiautomator
[debug] [38;5;32m[AndroidUiautomator2Driver@ab49 (099977bc)][0m Waiting up to 0 ms for condition
[debug] [38;5;32m[AndroidUiautomator2Driver@ab49 (099977bc)][0m Matched '/element' to command name 'findElement'
[debug] [38;5;32m[AndroidUiautomator2Driver@ab49 (099977bc)][0m Proxying [POST /element] to [POST http://127.0.0.1:8200/session/b79149be-4e07-42a6-9634-5e976cd28992/element] with body: {"strategy":"xpath","selector":"//android.widget.TextView[@text = \"API Demos\"]","context":"","multiple":false}
[debug] [38;5;32m[AndroidUiautomator2Driver@ab49 (099977bc)][0m Responding to client with driver.findElement() result: {"element-6066-11e4-a52e-4f735466cecf":"00000000-0000-0096-ffff-ffff00000057","ELEMENT":"00000000-0000-0096-ffff-ffff00000057"}
[38;5;0m[HTTP][0m [37m<-- POST /session/099977bc-0e08-42e7-92cc-37362e7d39fb/element [39m[32m200[39m [90m515 ms - 137[39m
[38;5;0m[HTTP][0m [90m[39m
[38;5;0m[HTTP][0m [37m-->[39m [37mPOST[39m [37m/session/099977bc-0e08-42e7-92cc-37362e7d39fb/element/00000000-0000-0096-ffff-ffff00000057/click[39m
[38;5;0m[HTTP][0m [90m{}[39m
[debug] [38;5;32m[AndroidUiautomator2Driver@ab49 (099977bc)][0m Calling AppiumDriver.click() with args: ["00000000-0000-0096-ffff-ffff00000057","099977bc-0e08-42e7-92cc-37362e7d39fb"]
[38;5;0m[HTTP][0m [37m-->[39m [37mDELETE[39m [37m/session/099977bc-0e08-42e7-92cc-37362e7d39fb[39m
[38;5;0m[HTTP][0m [90m{}[39m
[debug] [38;5;32m[AndroidUiautomator2Driver@ab49 (099977bc)][0m Calling AppiumDriver.deleteSession() with args: ["099977bc-0e08-42e7-92cc-37362e7d39fb"]
[debug] [38;5;16m[AppiumDriver@5d29][0m Event 'quitSessionRequested' logged at 1702998689897 (15:11:29 GMT+0000 (Greenwich Mean Time))
[38;5;16m[AppiumDriver@5d29][0m Removing session 099977bc-0e08-42e7-92cc-37362e7d39fb from our master session list
[debug] [38;5;32m[AndroidUiautomator2Driver@ab49 (099977bc)][0m Deleting UiAutomator2 session
[debug] [38;5;32m[AndroidUiautomator2Driver@ab49 (099977bc)][0m Deleting UiAutomator2 server session
[debug] [38;5;32m[AndroidUiautomator2Driver@ab49 (099977bc)][0m Matched '/' to command name 'deleteSession'
[debug] [38;5;32m[AndroidUiautomator2Driver@ab49 (099977bc)][0m Proxying [DELETE /] to [DELETE http://127.0.0.1:8200/session/b79149be-4e07-42a6-9634-5e976cd28992] with no body
[debug] [38;5;32m[AndroidUiautomator2Driver@ab49 (099977bc)][0m Got response with status 200: {"sessionId":"b79149be-4e07-42a6-9634-5e976cd28992","value":null}
[debug] [38;5;64m[ADB][0m Running 'C:\Users\lenovo\AppData\Local\Android\Sdk\platform-tools\adb.exe -P 5037 -s A47EUT2901000624 shell dumpsys activity services io.appium.settings/.recorder.RecorderService'
[debug] [38;5;64m[ADB][0m Running 'C:\Users\lenovo\AppData\Local\Android\Sdk\platform-tools\adb.exe -P 5037 -s A47EUT2901000624 shell am force-stop io.appium.android.apis'
[debug] [38;5;96m[Logcat][0m Stopping logcat capture
[debug] [38;5;64m[ADB][0m Removing forwarded port socket connection: 8200 
[debug] [38;5;64m[ADB][0m Running 'C:\Users\lenovo\AppData\Local\Android\Sdk\platform-tools\adb.exe -P 5037 -s A47EUT2901000624 forward --remove tcp:8200'
[38;5;32m[AndroidUiautomator2Driver@ab49 (099977bc)][0m Restoring hidden api policy to the device default configuration
[debug] [38;5;64m[ADB][0m Running 'C:\Users\lenovo\AppData\Local\Android\Sdk\platform-tools\adb.exe -P 5037 -s A47EUT2901000624 shell 'settings delete global hidden_api_policy_pre_p_apps;settings delete global hidden_api_policy_p_apps;settings delete global hidden_api_policy''
[debug] [38;5;16m[AppiumDriver@5d29][0m Event 'quitSessionFinished' logged at 1702998690347 (15:11:30 GMT+0000 (Greenwich Mean Time))
[debug] [38;5;16m[AppiumDriver@5d29][0m Received response: null
[debug] [38;5;16m[AppiumDriver@5d29][0m But deleting session, so not returning
[debug] [38;5;16m[AppiumDriver@5d29][0m Responding to client with driver.deleteSession() result: null
[38;5;0m[HTTP][0m [37m<-- DELETE /session/099977bc-0e08-42e7-92cc-37362e7d39fb [39m[32m200[39m [90m453 ms - 14[39m
[38;5;0m[HTTP][0m [90m[39m
[38;5;0m[HTTP][0m [37m<-- POST /session/099977bc-0e08-42e7-92cc-37362e7d39fb/element [39m[32m-[39m [90m- ms - -[39m
[38;5;0m[HTTP][0m [90m[39m
[38;5;0m[HTTP][0m [37m<-- POST /session/099977bc-0e08-42e7-92cc-37362e7d39fb/element/00000000-0000-0096-ffff-ffff00000057/click [39m[32m-[39m [90m- ms - -[39m
[38;5;0m[HTTP][0m [90m[39m
[debug] [38;5;112m[Instrumentation][0m .
[debug] [38;5;112m[Instrumentation][0m Time: 9.046
[debug] [38;5;112m[Instrumentation][0m 
[debug] [38;5;112m[Instrumentation][0m OK (1 test)
[38;5;32m[AndroidUiautomator2Driver@ab49][0m socket hang up
[debug] [38;5;16m[AppiumDriver@5d29][0m Encountered internal error running command: UnknownError: An unknown server-side error occurred while processing the command. Original error: Could not proxy command to the remote server. Original error: socket hang up
[debug] [38;5;16m[AppiumDriver@5d29][0m     at UIA2Proxy.command (C:\WDIO\WDIO\AppiumAllureReport\node_modules\@appium\base-driver\lib\jsonwp-proxy\proxy.js:342:13)
[debug] [38;5;16m[AppiumDriver@5d29][0m     at runMicrotasks (<anonymous>)
[debug] [38;5;16m[AppiumDriver@5d29][0m     at processTicksAndRejections (node:internal/process/task_queues:96:5)
[debug] [38;5;16m[AppiumDriver@5d29][0m     at async AndroidUiautomator2Driver.helpers.doFindElementOrEls (C:\WDIO\WDIO\AppiumAllureReport\node_modules\appium-uiautomator2-driver\lib\commands\find.js:30:10)
[debug] [38;5;16m[AppiumDriver@5d29][0m     at async doFind (C:\WDIO\WDIO\AppiumAllureReport\node_modules\appium-uiautomator2-driver\node_modules\appium-android-driver\lib\commands\find.js:36:17)
[debug] [38;5;16m[AppiumDriver@5d29][0m     at async wrappedCondFn (C:\WDIO\WDIO\AppiumAllureReport\node_modules\@appium\base-driver\lib\basedriver\commands\timeout.js:139:16)
[debug] [38;5;16m[AppiumDriver@5d29][0m     at async spin (C:\WDIO\WDIO\AppiumAllureReport\node_modules\asyncbox\build\lib\lib\asyncbox.js:221:20)
[debug] [38;5;16m[AppiumDriver@5d29][0m     at async waitForCondition (C:\WDIO\WDIO\AppiumAllureReport\node_modules\asyncbox\build\lib\lib\asyncbox.js:238:10)
[debug] [38;5;16m[AppiumDriver@5d29][0m     at async AndroidUiautomator2Driver.implicitWaitForCondition (C:\WDIO\WDIO\AppiumAllureReport\node_modules\@appium\base-driver\lib\basedriver\commands\timeout.js:141:14)
[debug] [38;5;16m[AppiumDriver@5d29][0m     at async AndroidUiautomator2Driver.findElOrEls (C:\WDIO\WDIO\AppiumAllureReport\node_modules\appium-uiautomator2-driver\node_modules\appium-android-driver\lib\commands\find.js:60:5)
[debug] [38;5;16m[AppiumDriver@5d29][0m     at async AndroidUiautomator2Driver.findElOrElsWithProcessing (C:\WDIO\WDIO\AppiumAllureReport\node_modules\@appium\base-driver\lib\basedriver\commands\find.js:81:16)
[debug] [38;5;16m[AppiumDriver@5d29][0m     at async AndroidUiautomator2Driver.findElement (C:\WDIO\WDIO\AppiumAllureReport\node_modules\@appium\base-driver\lib\basedriver\commands\find.js:21:14)
[debug] [38;5;112m[Instrumentation][0m The process has exited with code 0
